{"name": "test_soma_valor_alto", "status": "failed", "statusDetails": {"message": "AssertionError: assert 6050 == 6051\n +  where 6050 = soma(3500, 2550)", "trace": "def test_soma_valor_alto():\n>       assert soma(3500,2550) == 6051\nE       assert 6050 == 6051\nE        +  where 6050 = soma(3500, 2550)\n\ntest_soma.py:14: AssertionError"}, "start": 1763494161466, "stop": 1763494161466, "uuid": "4745e824-229b-4249-9ceb-2c9cdbb3c6cb", "historyId": "ae9a17eab3d18020e3deaba07b7c2f7c", "testCaseId": "ae9a17eab3d18020e3deaba07b7c2f7c", "fullName": "test_soma#test_soma_valor_alto", "labels": [{"name": "suite", "value": "test_soma"}, {"name": "host", "value": "Rafael-PCMaster"}, {"name": "thread", "value": "21660-MainThread"}, {"name": "framework", "value": "pytest"}, {"name": "language", "value": "cpython3"}, {"name": "package", "value": "test_soma"}], "titlePath": ["test_soma.py"]}