{"uid":"401983cba39a8dfc","name":"test_soma_valor_alto","fullName":"test_soma#test_soma_valor_alto","historyId":"ae9a17eab3d18020e3deaba07b7c2f7c","time":{"start":1763493923477,"stop":1763493923477,"duration":0},"status":"failed","statusMessage":"AssertionError: assert 6050 == 6051\n +  where 6050 = soma(3500, 2550)","statusTrace":"def test_soma_valor_alto():\n>       assert soma(3500,2550) == 6051\nE       assert 6050 == 6051\nE        +  where 6050 = soma(3500, 2550)\n\ntest_soma.py:10: AssertionError","flaky":false,"newFailed":false,"newBroken":false,"newPassed":false,"retriesCount":0,"retriesStatusChange":false,"beforeStages":[],"afterStages":[],"labels":[{"name":"suite","value":"test_soma"},{"name":"host","value":"Rafael-PCMaster"},{"name":"thread","value":"29308-MainThread"},{"name":"framework","value":"pytest"},{"name":"language","value":"cpython3"},{"name":"package","value":"test_soma"},{"name":"resultFormat","value":"allure2"}],"parameters":[],"links":[],"hidden":true,"retry":true,"extra":{"categories":[],"tags":[]},"source":"401983cba39a8dfc.json","parameterValues":[]}