{"uid":"d653dfca8bbde8d","name":"test_soma_valor_alto","fullName":"test_soma#test_soma_valor_alto","historyId":"ae9a17eab3d18020e3deaba07b7c2f7c","time":{"start":1763494166323,"stop":1763494166323,"duration":0},"status":"passed","flaky":false,"newFailed":false,"newBroken":false,"newPassed":false,"retriesCount":3,"retriesStatusChange":true,"beforeStages":[],"afterStages":[],"labels":[{"name":"suite","value":"test_soma"},{"name":"host","value":"Rafael-PCMaster"},{"name":"thread","value":"25004-MainThread"},{"name":"framework","value":"pytest"},{"name":"language","value":"cpython3"},{"name":"package","value":"test_soma"},{"name":"resultFormat","value":"allure2"}],"parameters":[],"links":[],"hidden":false,"retry":false,"extra":{"severity":"normal","retries":[{"uid":"e5fed88e118f9dee","status":"failed","statusDetails":"AssertionError: assert 6050 == 6051\n +  where 6050 = soma(3500, 2550)","time":{"start":1763494161466,"stop":1763494161466,"duration":0}},{"uid":"401983cba39a8dfc","status":"failed","statusDetails":"AssertionError: assert 6050 == 6051\n +  where 6050 = soma(3500, 2550)","time":{"start":1763493923477,"stop":1763493923477,"duration":0}},{"uid":"89e768a4cfb27712","status":"passed","time":{"start":1763493709196,"stop":1763493709196,"duration":0}}],"categories":[],"tags":[]},"source":"d653dfca8bbde8d.json","parameterValues":[]}